<?xml version="1.0" encoding="UTF-8"?>
<!-- Generated by org.testng.reporters.JUnitReportReporter -->
<testsuite hostname="HtcGanesh-PC" failures="0" tests="1" name="jenkins1.test1" time="215.374" errors="0" timestamp="2022-01-21T15:50:01 IST" skipped="0">
  <testcase classname="jenkins1.test1" name="chrome" time="215.374"/>
  <system-out/>
</testsuite> <!-- jenkins1.test1 -->
